{"D:\\Cursos\\RocketSeat-GoStack2020\\Gobarber-App\\src\\components\\Button\\index.tsx": {"path":"D:\\Cursos\\RocketSeat-GoStack2020\\Gobarber-App\\src\\components\\Button\\index.tsx","statementMap":{"0":{"start":{"line":10,"column":38},"end":{"line":14,"column":1}},"1":{"start":{"line":11,"column":2},"end":{"line":13,"column":14}}},"fnMap":{"0":{"name":"(anonymous_0)","decl":{"start":{"line":10,"column":38},"end":{"line":10,"column":39}},"loc":{"start":{"line":11,"column":2},"end":{"line":13,"column":14}},"line":11}},"branchMap":{},"s":{"0":1,"1":1},"f":{"0":1},"b":{},"_coverageSchema":"43e27e138ebf9cfc5966b082cf9a028302ed4184","hash":"659b6dabf7c1504fd09ac8a40ef6ef570ab09994"}
,"D:\\Cursos\\RocketSeat-GoStack2020\\Gobarber-App\\src\\components\\Input\\index.tsx": {"path":"D:\\Cursos\\RocketSeat-GoStack2020\\Gobarber-App\\src\\components\\Input\\index.tsx","statementMap":{"0":{"start":{"line":28,"column":66},"end":{"line":94,"column":1}},"1":{"start":{"line":32,"column":26},"end":{"line":32,"column":43}},"2":{"start":{"line":34,"column":65},"end":{"line":34,"column":79}},"3":{"start":{"line":35,"column":24},"end":{"line":35,"column":76}},"4":{"start":{"line":37,"column":36},"end":{"line":37,"column":51}},"5":{"start":{"line":38,"column":34},"end":{"line":38,"column":49}},"6":{"start":{"line":40,"column":27},"end":{"line":42,"column":8}},"7":{"start":{"line":41,"column":4},"end":{"line":41,"column":23}},"8":{"start":{"line":44,"column":26},"end":{"line":48,"column":8}},"9":{"start":{"line":45,"column":4},"end":{"line":45,"column":24}},"10":{"start":{"line":47,"column":4},"end":{"line":47,"column":47}},"11":{"start":{"line":50,"column":2},"end":{"line":54,"column":6}},"12":{"start":{"line":50,"column":34},"end":{"line":54,"column":3}},"13":{"start":{"line":52,"column":6},"end":{"line":52,"column":38}},"14":{"start":{"line":56,"column":2},"end":{"line":70,"column":33}},"15":{"start":{"line":57,"column":4},"end":{"line":69,"column":7}},"16":{"start":{"line":62,"column":8},"end":{"line":62,"column":44}},"17":{"start":{"line":63,"column":8},"end":{"line":63,"column":64}},"18":{"start":{"line":66,"column":8},"end":{"line":66,"column":41}},"19":{"start":{"line":67,"column":8},"end":{"line":67,"column":40}},"20":{"start":{"line":72,"column":2},"end":{"line":93,"column":4}},"21":{"start":{"line":88,"column":10},"end":{"line":88,"column":46}}},"fnMap":{"0":{"name":"(anonymous_0)","decl":{"start":{"line":28,"column":66},"end":{"line":28,"column":67}},"loc":{"start":{"line":31,"column":5},"end":{"line":94,"column":1}},"line":31},"1":{"name":"(anonymous_1)","decl":{"start":{"line":40,"column":39},"end":{"line":40,"column":40}},"loc":{"start":{"line":40,"column":45},"end":{"line":42,"column":3}},"line":40},"2":{"name":"(anonymous_2)","decl":{"start":{"line":44,"column":38},"end":{"line":44,"column":39}},"loc":{"start":{"line":44,"column":44},"end":{"line":48,"column":3}},"line":44},"3":{"name":"(anonymous_3)","decl":{"start":{"line":50,"column":27},"end":{"line":50,"column":28}},"loc":{"start":{"line":50,"column":34},"end":{"line":54,"column":3}},"line":50},"4":{"name":"(anonymous_4)","decl":{"start":{"line":51,"column":4},"end":{"line":51,"column":5}},"loc":{"start":{"line":51,"column":12},"end":{"line":53,"column":5}},"line":51},"5":{"name":"(anonymous_5)","decl":{"start":{"line":56,"column":12},"end":{"line":56,"column":13}},"loc":{"start":{"line":56,"column":18},"end":{"line":70,"column":3}},"line":56},"6":{"name":"(anonymous_6)","decl":{"start":{"line":61,"column":6},"end":{"line":61,"column":7}},"loc":{"start":{"line":61,"column":32},"end":{"line":64,"column":7}},"line":61},"7":{"name":"(anonymous_7)","decl":{"start":{"line":65,"column":6},"end":{"line":65,"column":7}},"loc":{"start":{"line":65,"column":19},"end":{"line":68,"column":7}},"line":65},"8":{"name":"(anonymous_8)","decl":{"start":{"line":87,"column":22},"end":{"line":87,"column":23}},"loc":{"start":{"line":87,"column":31},"end":{"line":89,"column":9}},"line":87}},"branchMap":{"0":{"loc":{"start":{"line":29,"column":16},"end":{"line":29,"column":35}},"type":"default-arg","locations":[{"start":{"line":29,"column":33},"end":{"line":29,"column":35}}],"line":29},"1":{"loc":{"start":{"line":34,"column":25},"end":{"line":34,"column":42}},"type":"default-arg","locations":[{"start":{"line":34,"column":40},"end":{"line":34,"column":42}}],"line":34},"2":{"loc":{"start":{"line":77,"column":15},"end":{"line":77,"column":60}},"type":"cond-expr","locations":[{"start":{"line":77,"column":39},"end":{"line":77,"column":48}},{"start":{"line":77,"column":51},"end":{"line":77,"column":60}}],"line":77},"3":{"loc":{"start":{"line":77,"column":15},"end":{"line":77,"column":36}},"type":"binary-expr","locations":[{"start":{"line":77,"column":15},"end":{"line":77,"column":24}},{"start":{"line":77,"column":28},"end":{"line":77,"column":36}}],"line":77}},"s":{"0":1,"1":2,"2":2,"3":2,"4":2,"5":2,"6":2,"7":0,"8":2,"9":0,"10":0,"11":2,"12":1,"13":0,"14":2,"15":2,"16":0,"17":0,"18":0,"19":0,"20":2,"21":0},"f":{"0":2,"1":0,"2":0,"3":1,"4":0,"5":2,"6":0,"7":0,"8":0},"b":{"0":[2],"1":[2],"2":[0,2],"3":[2,2]},"_coverageSchema":"43e27e138ebf9cfc5966b082cf9a028302ed4184","hash":"4e983cea7c6833810b0bd69156a253740581cd05"}
,"D:\\Cursos\\RocketSeat-GoStack2020\\Gobarber-App\\src\\hooks\\auth.tsx": {"path":"D:\\Cursos\\RocketSeat-GoStack2020\\Gobarber-App\\src\\hooks\\auth.tsx","statementMap":{"0":{"start":{"line":35,"column":20},"end":{"line":35,"column":73}},"1":{"start":{"line":37,"column":31},"end":{"line":104,"column":1}},"2":{"start":{"line":38,"column":26},"end":{"line":38,"column":62}},"3":{"start":{"line":39,"column":32},"end":{"line":39,"column":46}},"4":{"start":{"line":41,"column":2},"end":{"line":58,"column":9}},"5":{"start":{"line":43,"column":28},"end":{"line":46,"column":8}},"6":{"start":{"line":48,"column":6},"end":{"line":52,"column":7}},"7":{"start":{"line":49,"column":8},"end":{"line":49,"column":66}},"8":{"start":{"line":51,"column":8},"end":{"line":51,"column":64}},"9":{"start":{"line":54,"column":6},"end":{"line":54,"column":24}},"10":{"start":{"line":57,"column":4},"end":{"line":57,"column":23}},"11":{"start":{"line":60,"column":17},"end":{"line":75,"column":8}},"12":{"start":{"line":61,"column":21},"end":{"line":61,"column":68}},"13":{"start":{"line":63,"column":28},"end":{"line":63,"column":41}},"14":{"start":{"line":67,"column":4},"end":{"line":70,"column":7}},"15":{"start":{"line":72,"column":4},"end":{"line":72,"column":59}},"16":{"start":{"line":74,"column":4},"end":{"line":74,"column":29}},"17":{"start":{"line":77,"column":18},"end":{"line":83,"column":8}},"18":{"start":{"line":80,"column":4},"end":{"line":80,"column":74}},"19":{"start":{"line":82,"column":4},"end":{"line":82,"column":29}},"20":{"start":{"line":85,"column":21},"end":{"line":95,"column":3}},"21":{"start":{"line":87,"column":6},"end":{"line":87,"column":73}},"22":{"start":{"line":89,"column":6},"end":{"line":92,"column":9}},"23":{"start":{"line":97,"column":2},"end":{"line":103,"column":4}},"24":{"start":{"line":107,"column":18},"end":{"line":107,"column":41}},"25":{"start":{"line":109,"column":2},"end":{"line":111,"column":3}},"26":{"start":{"line":110,"column":4},"end":{"line":110,"column":67}},"27":{"start":{"line":113,"column":2},"end":{"line":113,"column":17}}},"fnMap":{"0":{"name":"(anonymous_0)","decl":{"start":{"line":37,"column":31},"end":{"line":37,"column":32}},"loc":{"start":{"line":37,"column":49},"end":{"line":104,"column":1}},"line":37},"1":{"name":"(anonymous_1)","decl":{"start":{"line":41,"column":12},"end":{"line":41,"column":13}},"loc":{"start":{"line":41,"column":18},"end":{"line":58,"column":3}},"line":41},"2":{"name":"loadStoragedData","decl":{"start":{"line":42,"column":19},"end":{"line":42,"column":35}},"loc":{"start":{"line":42,"column":53},"end":{"line":55,"column":5}},"line":42},"3":{"name":"(anonymous_3)","decl":{"start":{"line":60,"column":29},"end":{"line":60,"column":30}},"loc":{"start":{"line":60,"column":60},"end":{"line":75,"column":3}},"line":60},"4":{"name":"(anonymous_4)","decl":{"start":{"line":77,"column":30},"end":{"line":77,"column":31}},"loc":{"start":{"line":77,"column":42},"end":{"line":83,"column":3}},"line":77},"5":{"name":"(anonymous_5)","decl":{"start":{"line":86,"column":4},"end":{"line":86,"column":5}},"loc":{"start":{"line":86,"column":26},"end":{"line":93,"column":5}},"line":86},"6":{"name":"useAuth","decl":{"start":{"line":106,"column":9},"end":{"line":106,"column":16}},"loc":{"start":{"line":106,"column":36},"end":{"line":114,"column":1}},"line":106}},"branchMap":{"0":{"loc":{"start":{"line":48,"column":6},"end":{"line":52,"column":7}},"type":"if","locations":[{"start":{"line":48,"column":6},"end":{"line":52,"column":7}},{"start":{"line":48,"column":6},"end":{"line":52,"column":7}}],"line":48},"1":{"loc":{"start":{"line":48,"column":10},"end":{"line":48,"column":29}},"type":"binary-expr","locations":[{"start":{"line":48,"column":10},"end":{"line":48,"column":18}},{"start":{"line":48,"column":22},"end":{"line":48,"column":29}}],"line":48},"2":{"loc":{"start":{"line":109,"column":2},"end":{"line":111,"column":3}},"type":"if","locations":[{"start":{"line":109,"column":2},"end":{"line":111,"column":3}},{"start":{"line":109,"column":2},"end":{"line":111,"column":3}}],"line":109}},"s":{"0":1,"1":1,"2":0,"3":0,"4":0,"5":0,"6":0,"7":0,"8":0,"9":0,"10":0,"11":0,"12":0,"13":0,"14":0,"15":0,"16":0,"17":0,"18":0,"19":0,"20":0,"21":0,"22":0,"23":0,"24":1,"25":1,"26":0,"27":1},"f":{"0":0,"1":0,"2":0,"3":0,"4":0,"5":0,"6":1},"b":{"0":[0,0],"1":[0,0],"2":[0,1]},"_coverageSchema":"43e27e138ebf9cfc5966b082cf9a028302ed4184","hash":"ca5a03a74dfb3682c7f55a3129eac374b1f25de0"}
,"D:\\Cursos\\RocketSeat-GoStack2020\\Gobarber-App\\src\\pages\\AppointmentCreated\\index.tsx": {"path":"D:\\Cursos\\RocketSeat-GoStack2020\\Gobarber-App\\src\\pages\\AppointmentCreated\\index.tsx","statementMap":{"0":{"start":{"line":19,"column":37},"end":{"line":52,"column":1}},"1":{"start":{"line":20,"column":20},"end":{"line":20,"column":35}},"2":{"start":{"line":21,"column":21},"end":{"line":21,"column":31}},"3":{"start":{"line":23,"column":22},"end":{"line":23,"column":43}},"4":{"start":{"line":25,"column":26},"end":{"line":30,"column":13}},"5":{"start":{"line":26,"column":4},"end":{"line":29,"column":7}},"6":{"start":{"line":32,"column":24},"end":{"line":38,"column":24}},"7":{"start":{"line":33,"column":4},"end":{"line":37,"column":6}},"8":{"start":{"line":40,"column":2},"end":{"line":51,"column":4}}},"fnMap":{"0":{"name":"(anonymous_0)","decl":{"start":{"line":19,"column":37},"end":{"line":19,"column":38}},"loc":{"start":{"line":19,"column":43},"end":{"line":52,"column":1}},"line":19},"1":{"name":"(anonymous_1)","decl":{"start":{"line":25,"column":38},"end":{"line":25,"column":39}},"loc":{"start":{"line":25,"column":44},"end":{"line":30,"column":3}},"line":25},"2":{"name":"(anonymous_2)","decl":{"start":{"line":32,"column":32},"end":{"line":32,"column":33}},"loc":{"start":{"line":32,"column":38},"end":{"line":38,"column":3}},"line":32}},"branchMap":{},"s":{"0":0,"1":0,"2":0,"3":0,"4":0,"5":0,"6":0,"7":0,"8":0},"f":{"0":0,"1":0,"2":0},"b":{},"hash":"7cd0943784c100c2c3bbf0ae798eb572348bc844"}
,"D:\\Cursos\\RocketSeat-GoStack2020\\Gobarber-App\\src\\pages\\CreateAppointment\\index.tsx": {"path":"D:\\Cursos\\RocketSeat-GoStack2020\\Gobarber-App\\src\\pages\\CreateAppointment\\index.tsx","statementMap":{"0":{"start":{"line":51,"column":36},"end":{"line":262,"column":1}},"1":{"start":{"line":52,"column":19},"end":{"line":52,"column":28}},"2":{"start":{"line":53,"column":16},"end":{"line":53,"column":26}},"3":{"start":{"line":54,"column":31},"end":{"line":54,"column":46}},"4":{"start":{"line":56,"column":22},"end":{"line":56,"column":49}},"5":{"start":{"line":58,"column":42},"end":{"line":58,"column":74}},"6":{"start":{"line":59,"column":46},"end":{"line":59,"column":61}},"7":{"start":{"line":60,"column":42},"end":{"line":60,"column":62}},"8":{"start":{"line":61,"column":42},"end":{"line":61,"column":53}},"9":{"start":{"line":62,"column":36},"end":{"line":62,"column":61}},"10":{"start":{"line":63,"column":50},"end":{"line":65,"column":3}},"11":{"start":{"line":67,"column":2},"end":{"line":71,"column":9}},"12":{"start":{"line":68,"column":4},"end":{"line":70,"column":7}},"13":{"start":{"line":69,"column":6},"end":{"line":69,"column":34}},"14":{"start":{"line":73,"column":2},"end":{"line":85,"column":39}},"15":{"start":{"line":74,"column":4},"end":{"line":84,"column":9}},"16":{"start":{"line":83,"column":8},"end":{"line":83,"column":39}},"17":{"start":{"line":87,"column":23},"end":{"line":89,"column":14}},"18":{"start":{"line":88,"column":4},"end":{"line":88,"column":13}},"19":{"start":{"line":91,"column":31},"end":{"line":93,"column":8}},"20":{"start":{"line":92,"column":4},"end":{"line":92,"column":36}},"21":{"start":{"line":95,"column":33},"end":{"line":97,"column":8}},"22":{"start":{"line":96,"column":4},"end":{"line":96,"column":39}},"23":{"start":{"line":96,"column":31},"end":{"line":96,"column":37}},"24":{"start":{"line":99,"column":28},"end":{"line":110,"column":3}},"25":{"start":{"line":101,"column":6},"end":{"line":103,"column":7}},"26":{"start":{"line":102,"column":8},"end":{"line":102,"column":33}},"27":{"start":{"line":105,"column":6},"end":{"line":107,"column":7}},"28":{"start":{"line":106,"column":8},"end":{"line":106,"column":30}},"29":{"start":{"line":112,"column":34},"end":{"line":130,"column":62}},"30":{"start":{"line":113,"column":4},"end":{"line":129,"column":5}},"31":{"start":{"line":114,"column":19},"end":{"line":114,"column":41}},"32":{"start":{"line":116,"column":6},"end":{"line":116,"column":34}},"33":{"start":{"line":117,"column":6},"end":{"line":117,"column":25}},"34":{"start":{"line":118,"column":6},"end":{"line":121,"column":9}},"35":{"start":{"line":123,"column":6},"end":{"line":123,"column":63}},"36":{"start":{"line":125,"column":6},"end":{"line":128,"column":8}},"37":{"start":{"line":132,"column":30},"end":{"line":142,"column":20}},"38":{"start":{"line":133,"column":4},"end":{"line":141,"column":9}},"39":{"start":{"line":134,"column":28},"end":{"line":134,"column":37}},"40":{"start":{"line":136,"column":8},"end":{"line":140,"column":10}},"41":{"start":{"line":144,"column":32},"end":{"line":154,"column":20}},"42":{"start":{"line":145,"column":4},"end":{"line":153,"column":9}},"43":{"start":{"line":146,"column":28},"end":{"line":146,"column":38}},"44":{"start":{"line":148,"column":8},"end":{"line":152,"column":10}},"45":{"start":{"line":156,"column":27},"end":{"line":158,"column":8}},"46":{"start":{"line":157,"column":4},"end":{"line":157,"column":26}},"47":{"start":{"line":160,"column":2},"end":{"line":259,"column":4}},"48":{"start":{"line":177,"column":38},"end":{"line":177,"column":49}},"49":{"start":{"line":179,"column":14},"end":{"line":187,"column":34}},"50":{"start":{"line":180,"column":31},"end":{"line":180,"column":64}},"51":{"start":{"line":218,"column":16},"end":{"line":228,"column":23}},"52":{"start":{"line":223,"column":33},"end":{"line":223,"column":55}},"53":{"start":{"line":237,"column":18},"end":{"line":247,"column":25}},"54":{"start":{"line":242,"column":35},"end":{"line":242,"column":57}},"55":{"start":{"line":261,"column":2},"end":{"line":261,"column":23}}},"fnMap":{"0":{"name":"(anonymous_0)","decl":{"start":{"line":51,"column":36},"end":{"line":51,"column":37}},"loc":{"start":{"line":51,"column":42},"end":{"line":262,"column":1}},"line":51},"1":{"name":"(anonymous_1)","decl":{"start":{"line":67,"column":12},"end":{"line":67,"column":13}},"loc":{"start":{"line":67,"column":18},"end":{"line":71,"column":3}},"line":67},"2":{"name":"(anonymous_2)","decl":{"start":{"line":68,"column":30},"end":{"line":68,"column":31}},"loc":{"start":{"line":68,"column":42},"end":{"line":70,"column":5}},"line":68},"3":{"name":"(anonymous_3)","decl":{"start":{"line":73,"column":12},"end":{"line":73,"column":13}},"loc":{"start":{"line":73,"column":18},"end":{"line":85,"column":3}},"line":73},"4":{"name":"(anonymous_4)","decl":{"start":{"line":82,"column":12},"end":{"line":82,"column":13}},"loc":{"start":{"line":82,"column":24},"end":{"line":84,"column":7}},"line":82},"5":{"name":"(anonymous_5)","decl":{"start":{"line":87,"column":35},"end":{"line":87,"column":36}},"loc":{"start":{"line":87,"column":41},"end":{"line":89,"column":3}},"line":87},"6":{"name":"(anonymous_6)","decl":{"start":{"line":91,"column":43},"end":{"line":91,"column":44}},"loc":{"start":{"line":91,"column":67},"end":{"line":93,"column":3}},"line":91},"7":{"name":"(anonymous_7)","decl":{"start":{"line":95,"column":45},"end":{"line":95,"column":46}},"loc":{"start":{"line":95,"column":51},"end":{"line":97,"column":3}},"line":95},"8":{"name":"(anonymous_8)","decl":{"start":{"line":96,"column":22},"end":{"line":96,"column":23}},"loc":{"start":{"line":96,"column":31},"end":{"line":96,"column":37}},"line":96},"9":{"name":"(anonymous_9)","decl":{"start":{"line":100,"column":4},"end":{"line":100,"column":5}},"loc":{"start":{"line":100,"column":44},"end":{"line":108,"column":5}},"line":100},"10":{"name":"(anonymous_10)","decl":{"start":{"line":112,"column":46},"end":{"line":112,"column":47}},"loc":{"start":{"line":112,"column":58},"end":{"line":130,"column":3}},"line":112},"11":{"name":"(anonymous_11)","decl":{"start":{"line":132,"column":38},"end":{"line":132,"column":39}},"loc":{"start":{"line":132,"column":44},"end":{"line":142,"column":3}},"line":132},"12":{"name":"(anonymous_12)","decl":{"start":{"line":134,"column":14},"end":{"line":134,"column":15}},"loc":{"start":{"line":134,"column":28},"end":{"line":134,"column":37}},"line":134},"13":{"name":"(anonymous_13)","decl":{"start":{"line":135,"column":11},"end":{"line":135,"column":12}},"loc":{"start":{"line":135,"column":36},"end":{"line":141,"column":7}},"line":135},"14":{"name":"(anonymous_14)","decl":{"start":{"line":144,"column":40},"end":{"line":144,"column":41}},"loc":{"start":{"line":144,"column":46},"end":{"line":154,"column":3}},"line":144},"15":{"name":"(anonymous_15)","decl":{"start":{"line":146,"column":14},"end":{"line":146,"column":15}},"loc":{"start":{"line":146,"column":28},"end":{"line":146,"column":38}},"line":146},"16":{"name":"(anonymous_16)","decl":{"start":{"line":147,"column":11},"end":{"line":147,"column":12}},"loc":{"start":{"line":147,"column":36},"end":{"line":153,"column":7}},"line":147},"17":{"name":"(anonymous_17)","decl":{"start":{"line":156,"column":39},"end":{"line":156,"column":40}},"loc":{"start":{"line":156,"column":57},"end":{"line":158,"column":3}},"line":156},"18":{"name":"(anonymous_18)","decl":{"start":{"line":177,"column":26},"end":{"line":177,"column":27}},"loc":{"start":{"line":177,"column":38},"end":{"line":177,"column":49}},"line":177},"19":{"name":"(anonymous_19)","decl":{"start":{"line":178,"column":24},"end":{"line":178,"column":25}},"loc":{"start":{"line":179,"column":14},"end":{"line":187,"column":34}},"line":179},"20":{"name":"(anonymous_20)","decl":{"start":{"line":180,"column":25},"end":{"line":180,"column":26}},"loc":{"start":{"line":180,"column":31},"end":{"line":180,"column":64}},"line":180},"21":{"name":"(anonymous_21)","decl":{"start":{"line":217,"column":39},"end":{"line":217,"column":40}},"loc":{"start":{"line":218,"column":16},"end":{"line":228,"column":23}},"line":218},"22":{"name":"(anonymous_22)","decl":{"start":{"line":223,"column":27},"end":{"line":223,"column":28}},"loc":{"start":{"line":223,"column":33},"end":{"line":223,"column":55}},"line":223},"23":{"name":"(anonymous_23)","decl":{"start":{"line":236,"column":16},"end":{"line":236,"column":17}},"loc":{"start":{"line":237,"column":18},"end":{"line":247,"column":25}},"line":237},"24":{"name":"(anonymous_24)","decl":{"start":{"line":242,"column":29},"end":{"line":242,"column":30}},"loc":{"start":{"line":242,"column":35},"end":{"line":242,"column":57}},"line":242}},"branchMap":{"0":{"loc":{"start":{"line":101,"column":6},"end":{"line":103,"column":7}},"type":"if","locations":[{"start":{"line":101,"column":6},"end":{"line":103,"column":7}},{"start":{"line":101,"column":6},"end":{"line":103,"column":7}}],"line":101},"1":{"loc":{"start":{"line":105,"column":6},"end":{"line":107,"column":7}},"type":"if","locations":[{"start":{"line":105,"column":6},"end":{"line":107,"column":7}},{"start":{"line":105,"column":6},"end":{"line":107,"column":7}}],"line":105},"2":{"loc":{"start":{"line":201,"column":11},"end":{"line":209,"column":11}},"type":"binary-expr","locations":[{"start":{"line":201,"column":11},"end":{"line":201,"column":25}},{"start":{"line":202,"column":12},"end":{"line":208,"column":14}}],"line":201}},"s":{"0":0,"1":0,"2":0,"3":0,"4":0,"5":0,"6":0,"7":0,"8":0,"9":0,"10":0,"11":0,"12":0,"13":0,"14":0,"15":0,"16":0,"17":0,"18":0,"19":0,"20":0,"21":0,"22":0,"23":0,"24":0,"25":0,"26":0,"27":0,"28":0,"29":0,"30":0,"31":0,"32":0,"33":0,"34":0,"35":0,"36":0,"37":0,"38":0,"39":0,"40":0,"41":0,"42":0,"43":0,"44":0,"45":0,"46":0,"47":0,"48":0,"49":0,"50":0,"51":0,"52":0,"53":0,"54":0,"55":0},"f":{"0":0,"1":0,"2":0,"3":0,"4":0,"5":0,"6":0,"7":0,"8":0,"9":0,"10":0,"11":0,"12":0,"13":0,"14":0,"15":0,"16":0,"17":0,"18":0,"19":0,"20":0,"21":0,"22":0,"23":0,"24":0},"b":{"0":[0,0],"1":[0,0],"2":[0,0]},"hash":"132e542902b3fafc9a97582cca31f2949e10100b"}
,"D:\\Cursos\\RocketSeat-GoStack2020\\Gobarber-App\\src\\pages\\Dashboard\\index.tsx": {"path":"D:\\Cursos\\RocketSeat-GoStack2020\\Gobarber-App\\src\\pages\\Dashboard\\index.tsx","statementMap":{"0":{"start":{"line":31,"column":28},"end":{"line":96,"column":1}},"1":{"start":{"line":32,"column":36},"end":{"line":32,"column":61}},"2":{"start":{"line":34,"column":19},"end":{"line":34,"column":28}},"3":{"start":{"line":35,"column":23},"end":{"line":35,"column":38}},"4":{"start":{"line":37,"column":2},"end":{"line":41,"column":9}},"5":{"start":{"line":38,"column":4},"end":{"line":40,"column":7}},"6":{"start":{"line":39,"column":6},"end":{"line":39,"column":34}},"7":{"start":{"line":43,"column":28},"end":{"line":45,"column":16}},"8":{"start":{"line":44,"column":4},"end":{"line":44,"column":24}},"9":{"start":{"line":47,"column":38},"end":{"line":52,"column":3}},"10":{"start":{"line":49,"column":6},"end":{"line":49,"column":52}},"11":{"start":{"line":53,"column":2},"end":{"line":95,"column":4}},"12":{"start":{"line":69,"column":34},"end":{"line":69,"column":45}},"13":{"start":{"line":74,"column":10},"end":{"line":91,"column":30}},"14":{"start":{"line":76,"column":14},"end":{"line":76,"column":55}}},"fnMap":{"0":{"name":"(anonymous_0)","decl":{"start":{"line":31,"column":28},"end":{"line":31,"column":29}},"loc":{"start":{"line":31,"column":34},"end":{"line":96,"column":1}},"line":31},"1":{"name":"(anonymous_1)","decl":{"start":{"line":37,"column":12},"end":{"line":37,"column":13}},"loc":{"start":{"line":37,"column":18},"end":{"line":41,"column":3}},"line":37},"2":{"name":"(anonymous_2)","decl":{"start":{"line":38,"column":30},"end":{"line":38,"column":31}},"loc":{"start":{"line":38,"column":42},"end":{"line":40,"column":5}},"line":38},"3":{"name":"(anonymous_3)","decl":{"start":{"line":43,"column":40},"end":{"line":43,"column":41}},"loc":{"start":{"line":43,"column":46},"end":{"line":45,"column":3}},"line":43},"4":{"name":"(anonymous_4)","decl":{"start":{"line":48,"column":4},"end":{"line":48,"column":5}},"loc":{"start":{"line":48,"column":28},"end":{"line":50,"column":5}},"line":48},"5":{"name":"(anonymous_5)","decl":{"start":{"line":69,"column":22},"end":{"line":69,"column":23}},"loc":{"start":{"line":69,"column":34},"end":{"line":69,"column":45}},"line":69},"6":{"name":"(anonymous_6)","decl":{"start":{"line":73,"column":20},"end":{"line":73,"column":21}},"loc":{"start":{"line":74,"column":10},"end":{"line":91,"column":30}},"line":74},"7":{"name":"(anonymous_7)","decl":{"start":{"line":75,"column":21},"end":{"line":75,"column":22}},"loc":{"start":{"line":75,"column":27},"end":{"line":77,"column":13}},"line":75}},"branchMap":{},"s":{"0":0,"1":0,"2":0,"3":0,"4":0,"5":0,"6":0,"7":0,"8":0,"9":0,"10":0,"11":0,"12":0,"13":0,"14":0},"f":{"0":0,"1":0,"2":0,"3":0,"4":0,"5":0,"6":0,"7":0},"b":{},"hash":"affaf0682b84ca73dcd9daa902f5c63d153dd9e6"}
,"D:\\Cursos\\RocketSeat-GoStack2020\\Gobarber-App\\src\\pages\\Profile\\index.tsx": {"path":"D:\\Cursos\\RocketSeat-GoStack2020\\Gobarber-App\\src\\pages\\Profile\\index.tsx","statementMap":{"0":{"start":{"line":42,"column":25},"end":{"line":256,"column":1}},"1":{"start":{"line":43,"column":40},"end":{"line":43,"column":49}},"2":{"start":{"line":45,"column":18},"end":{"line":45,"column":43}},"3":{"start":{"line":46,"column":24},"end":{"line":46,"column":47}},"4":{"start":{"line":47,"column":30},"end":{"line":47,"column":53}},"5":{"start":{"line":48,"column":27},"end":{"line":48,"column":50}},"6":{"start":{"line":49,"column":34},"end":{"line":49,"column":57}},"7":{"start":{"line":50,"column":21},"end":{"line":50,"column":36}},"8":{"start":{"line":52,"column":23},"end":{"line":115,"column":3}},"9":{"start":{"line":54,"column":6},"end":{"line":112,"column":7}},"10":{"start":{"line":55,"column":8},"end":{"line":55,"column":39}},"11":{"start":{"line":57,"column":23},"end":{"line":75,"column":10}},"12":{"start":{"line":64,"column":23},"end":{"line":64,"column":35}},"13":{"start":{"line":70,"column":25},"end":{"line":70,"column":37}},"14":{"start":{"line":77,"column":8},"end":{"line":77,"column":59}},"15":{"start":{"line":85,"column":12},"end":{"line":85,"column":16}},"16":{"start":{"line":87,"column":25},"end":{"line":93,"column":9}},"17":{"start":{"line":95,"column":25},"end":{"line":95,"column":60}},"18":{"start":{"line":96,"column":8},"end":{"line":96,"column":34}},"19":{"start":{"line":98,"column":8},"end":{"line":98,"column":54}},"20":{"start":{"line":100,"column":8},"end":{"line":100,"column":28}},"21":{"start":{"line":102,"column":8},"end":{"line":106,"column":9}},"22":{"start":{"line":103,"column":25},"end":{"line":103,"column":51}},"23":{"start":{"line":104,"column":10},"end":{"line":104,"column":45}},"24":{"start":{"line":105,"column":10},"end":{"line":105,"column":17}},"25":{"start":{"line":108,"column":8},"end":{"line":111,"column":10}},"26":{"start":{"line":117,"column":29},"end":{"line":147,"column":27}},"27":{"start":{"line":118,"column":4},"end":{"line":146,"column":6}},"28":{"start":{"line":126,"column":8},"end":{"line":128,"column":9}},"29":{"start":{"line":127,"column":10},"end":{"line":127,"column":17}},"30":{"start":{"line":129,"column":8},"end":{"line":132,"column":9}},"31":{"start":{"line":130,"column":10},"end":{"line":130,"column":56}},"32":{"start":{"line":131,"column":10},"end":{"line":131,"column":17}},"33":{"start":{"line":134,"column":21},"end":{"line":134,"column":35}},"34":{"start":{"line":136,"column":8},"end":{"line":140,"column":11}},"35":{"start":{"line":142,"column":8},"end":{"line":144,"column":11}},"36":{"start":{"line":143,"column":10},"end":{"line":143,"column":39}},"37":{"start":{"line":149,"column":23},"end":{"line":151,"column":18}},"38":{"start":{"line":150,"column":4},"end":{"line":150,"column":24}},"39":{"start":{"line":153,"column":23},"end":{"line":155,"column":15}},"40":{"start":{"line":154,"column":4},"end":{"line":154,"column":14}},"41":{"start":{"line":157,"column":2},"end":{"line":255,"column":4}},"42":{"start":{"line":193,"column":18},"end":{"line":193,"column":49}},"43":{"start":{"line":206,"column":18},"end":{"line":206,"column":55}},"44":{"start":{"line":219,"column":18},"end":{"line":219,"column":52}},"45":{"start":{"line":231,"column":18},"end":{"line":231,"column":59}},"46":{"start":{"line":243,"column":18},"end":{"line":243,"column":48}},"47":{"start":{"line":246,"column":37},"end":{"line":246,"column":66}}},"fnMap":{"0":{"name":"(anonymous_0)","decl":{"start":{"line":42,"column":25},"end":{"line":42,"column":26}},"loc":{"start":{"line":42,"column":31},"end":{"line":256,"column":1}},"line":42},"1":{"name":"(anonymous_1)","decl":{"start":{"line":53,"column":4},"end":{"line":53,"column":5}},"loc":{"start":{"line":53,"column":37},"end":{"line":113,"column":5}},"line":53},"2":{"name":"(anonymous_2)","decl":{"start":{"line":64,"column":16},"end":{"line":64,"column":17}},"loc":{"start":{"line":64,"column":23},"end":{"line":64,"column":35}},"line":64},"3":{"name":"(anonymous_3)","decl":{"start":{"line":70,"column":18},"end":{"line":70,"column":19}},"loc":{"start":{"line":70,"column":25},"end":{"line":70,"column":37}},"line":70},"4":{"name":"(anonymous_4)","decl":{"start":{"line":117,"column":41},"end":{"line":117,"column":42}},"loc":{"start":{"line":117,"column":47},"end":{"line":147,"column":3}},"line":117},"5":{"name":"(anonymous_5)","decl":{"start":{"line":125,"column":6},"end":{"line":125,"column":7}},"loc":{"start":{"line":125,"column":18},"end":{"line":145,"column":7}},"line":125},"6":{"name":"(anonymous_6)","decl":{"start":{"line":142,"column":45},"end":{"line":142,"column":46}},"loc":{"start":{"line":142,"column":60},"end":{"line":144,"column":9}},"line":142},"7":{"name":"(anonymous_7)","decl":{"start":{"line":149,"column":35},"end":{"line":149,"column":36}},"loc":{"start":{"line":149,"column":41},"end":{"line":151,"column":3}},"line":149},"8":{"name":"(anonymous_8)","decl":{"start":{"line":153,"column":35},"end":{"line":153,"column":36}},"loc":{"start":{"line":153,"column":41},"end":{"line":155,"column":3}},"line":153},"9":{"name":"(anonymous_9)","decl":{"start":{"line":192,"column":33},"end":{"line":192,"column":34}},"loc":{"start":{"line":192,"column":39},"end":{"line":194,"column":17}},"line":192},"10":{"name":"(anonymous_10)","decl":{"start":{"line":205,"column":33},"end":{"line":205,"column":34}},"loc":{"start":{"line":205,"column":39},"end":{"line":207,"column":17}},"line":205},"11":{"name":"(anonymous_11)","decl":{"start":{"line":218,"column":33},"end":{"line":218,"column":34}},"loc":{"start":{"line":218,"column":39},"end":{"line":220,"column":17}},"line":218},"12":{"name":"(anonymous_12)","decl":{"start":{"line":230,"column":33},"end":{"line":230,"column":34}},"loc":{"start":{"line":230,"column":39},"end":{"line":232,"column":17}},"line":230},"13":{"name":"(anonymous_13)","decl":{"start":{"line":242,"column":33},"end":{"line":242,"column":34}},"loc":{"start":{"line":242,"column":39},"end":{"line":244,"column":17}},"line":242},"14":{"name":"(anonymous_14)","decl":{"start":{"line":246,"column":31},"end":{"line":246,"column":32}},"loc":{"start":{"line":246,"column":37},"end":{"line":246,"column":66}},"line":246}},"branchMap":{"0":{"loc":{"start":{"line":90,"column":14},"end":{"line":92,"column":16}},"type":"cond-expr","locations":[{"start":{"line":91,"column":14},"end":{"line":91,"column":63}},{"start":{"line":92,"column":14},"end":{"line":92,"column":16}}],"line":90},"1":{"loc":{"start":{"line":102,"column":8},"end":{"line":106,"column":9}},"type":"if","locations":[{"start":{"line":102,"column":8},"end":{"line":106,"column":9}},{"start":{"line":102,"column":8},"end":{"line":106,"column":9}}],"line":102},"2":{"loc":{"start":{"line":126,"column":8},"end":{"line":128,"column":9}},"type":"if","locations":[{"start":{"line":126,"column":8},"end":{"line":128,"column":9}},{"start":{"line":126,"column":8},"end":{"line":128,"column":9}}],"line":126},"3":{"loc":{"start":{"line":129,"column":8},"end":{"line":132,"column":9}},"type":"if","locations":[{"start":{"line":129,"column":8},"end":{"line":132,"column":9}},{"start":{"line":129,"column":8},"end":{"line":132,"column":9}}],"line":129},"4":{"loc":{"start":{"line":161,"column":18},"end":{"line":161,"column":63}},"type":"cond-expr","locations":[{"start":{"line":161,"column":42},"end":{"line":161,"column":51}},{"start":{"line":161,"column":54},"end":{"line":161,"column":63}}],"line":161}},"s":{"0":0,"1":0,"2":0,"3":0,"4":0,"5":0,"6":0,"7":0,"8":0,"9":0,"10":0,"11":0,"12":0,"13":0,"14":0,"15":0,"16":0,"17":0,"18":0,"19":0,"20":0,"21":0,"22":0,"23":0,"24":0,"25":0,"26":0,"27":0,"28":0,"29":0,"30":0,"31":0,"32":0,"33":0,"34":0,"35":0,"36":0,"37":0,"38":0,"39":0,"40":0,"41":0,"42":0,"43":0,"44":0,"45":0,"46":0,"47":0},"f":{"0":0,"1":0,"2":0,"3":0,"4":0,"5":0,"6":0,"7":0,"8":0,"9":0,"10":0,"11":0,"12":0,"13":0,"14":0},"b":{"0":[0,0],"1":[0,0],"2":[0,0],"3":[0,0],"4":[0,0]},"hash":"dfaeaaf75ccbb91f3cab5e93e9a026137b970437"}
,"D:\\Cursos\\RocketSeat-GoStack2020\\Gobarber-App\\src\\pages\\SignIn\\index.tsx": {"path":"D:\\Cursos\\RocketSeat-GoStack2020\\Gobarber-App\\src\\pages\\SignIn\\index.tsx","statementMap":{"0":{"start":{"line":41,"column":25},"end":{"line":138,"column":1}},"1":{"start":{"line":42,"column":18},"end":{"line":42,"column":43}},"2":{"start":{"line":43,"column":27},"end":{"line":43,"column":50}},"3":{"start":{"line":44,"column":21},"end":{"line":44,"column":36}},"4":{"start":{"line":46,"column":21},"end":{"line":46,"column":30}},"5":{"start":{"line":48,"column":23},"end":{"line":77,"column":3}},"6":{"start":{"line":50,"column":6},"end":{"line":74,"column":7}},"7":{"start":{"line":51,"column":8},"end":{"line":51,"column":39}},"8":{"start":{"line":53,"column":23},"end":{"line":58,"column":10}},"9":{"start":{"line":60,"column":8},"end":{"line":60,"column":59}},"10":{"start":{"line":62,"column":8},"end":{"line":62,"column":69}},"11":{"start":{"line":64,"column":8},"end":{"line":68,"column":9}},"12":{"start":{"line":65,"column":25},"end":{"line":65,"column":51}},"13":{"start":{"line":66,"column":10},"end":{"line":66,"column":45}},"14":{"start":{"line":67,"column":10},"end":{"line":67,"column":17}},"15":{"start":{"line":70,"column":8},"end":{"line":73,"column":10}},"16":{"start":{"line":79,"column":2},"end":{"line":137,"column":4}},"17":{"start":{"line":106,"column":18},"end":{"line":106,"column":52}},"18":{"start":{"line":117,"column":18},"end":{"line":117,"column":48}},"19":{"start":{"line":121,"column":37},"end":{"line":121,"column":66}},"20":{"start":{"line":132,"column":42},"end":{"line":132,"column":71}}},"fnMap":{"0":{"name":"(anonymous_0)","decl":{"start":{"line":41,"column":25},"end":{"line":41,"column":26}},"loc":{"start":{"line":41,"column":31},"end":{"line":138,"column":1}},"line":41},"1":{"name":"(anonymous_1)","decl":{"start":{"line":49,"column":4},"end":{"line":49,"column":5}},"loc":{"start":{"line":49,"column":36},"end":{"line":75,"column":5}},"line":49},"2":{"name":"(anonymous_2)","decl":{"start":{"line":105,"column":33},"end":{"line":105,"column":34}},"loc":{"start":{"line":105,"column":39},"end":{"line":107,"column":17}},"line":105},"3":{"name":"(anonymous_3)","decl":{"start":{"line":116,"column":33},"end":{"line":116,"column":34}},"loc":{"start":{"line":116,"column":39},"end":{"line":118,"column":17}},"line":116},"4":{"name":"(anonymous_4)","decl":{"start":{"line":121,"column":31},"end":{"line":121,"column":32}},"loc":{"start":{"line":121,"column":37},"end":{"line":121,"column":66}},"line":121},"5":{"name":"(anonymous_5)","decl":{"start":{"line":125,"column":37},"end":{"line":125,"column":38}},"loc":{"start":{"line":125,"column":43},"end":{"line":125,"column":45}},"line":125},"6":{"name":"(anonymous_6)","decl":{"start":{"line":132,"column":36},"end":{"line":132,"column":37}},"loc":{"start":{"line":132,"column":42},"end":{"line":132,"column":71}},"line":132}},"branchMap":{"0":{"loc":{"start":{"line":64,"column":8},"end":{"line":68,"column":9}},"type":"if","locations":[{"start":{"line":64,"column":8},"end":{"line":68,"column":9}},{"start":{"line":64,"column":8},"end":{"line":68,"column":9}}],"line":64},"1":{"loc":{"start":{"line":83,"column":18},"end":{"line":83,"column":63}},"type":"cond-expr","locations":[{"start":{"line":83,"column":42},"end":{"line":83,"column":51}},{"start":{"line":83,"column":54},"end":{"line":83,"column":63}}],"line":83}},"s":{"0":1,"1":1,"2":1,"3":1,"4":1,"5":1,"6":0,"7":0,"8":0,"9":0,"10":0,"11":0,"12":0,"13":0,"14":0,"15":0,"16":1,"17":0,"18":0,"19":0,"20":0},"f":{"0":1,"1":0,"2":0,"3":0,"4":0,"5":0,"6":0},"b":{"0":[0,0],"1":[1,0]},"_coverageSchema":"43e27e138ebf9cfc5966b082cf9a028302ed4184","hash":"7df8df7dfbf53258968e927bb3c7b1e9ae6b8b45"}
,"D:\\Cursos\\RocketSeat-GoStack2020\\Gobarber-App\\src\\pages\\SignUp\\index.tsx": {"path":"D:\\Cursos\\RocketSeat-GoStack2020\\Gobarber-App\\src\\pages\\SignUp\\index.tsx","statementMap":{"0":{"start":{"line":34,"column":25},"end":{"line":147,"column":1}},"1":{"start":{"line":35,"column":18},"end":{"line":35,"column":43}},"2":{"start":{"line":36,"column":24},"end":{"line":36,"column":47}},"3":{"start":{"line":37,"column":27},"end":{"line":37,"column":50}},"4":{"start":{"line":38,"column":21},"end":{"line":38,"column":36}},"5":{"start":{"line":40,"column":23},"end":{"line":77,"column":3}},"6":{"start":{"line":42,"column":6},"end":{"line":74,"column":7}},"7":{"start":{"line":43,"column":8},"end":{"line":43,"column":39}},"8":{"start":{"line":45,"column":23},"end":{"line":51,"column":10}},"9":{"start":{"line":53,"column":8},"end":{"line":53,"column":59}},"10":{"start":{"line":55,"column":8},"end":{"line":55,"column":39}},"11":{"start":{"line":57,"column":8},"end":{"line":60,"column":10}},"12":{"start":{"line":62,"column":8},"end":{"line":62,"column":38}},"13":{"start":{"line":64,"column":8},"end":{"line":68,"column":9}},"14":{"start":{"line":65,"column":25},"end":{"line":65,"column":51}},"15":{"start":{"line":66,"column":10},"end":{"line":66,"column":45}},"16":{"start":{"line":67,"column":10},"end":{"line":67,"column":17}},"17":{"start":{"line":70,"column":8},"end":{"line":73,"column":10}},"18":{"start":{"line":79,"column":2},"end":{"line":146,"column":4}},"19":{"start":{"line":104,"column":18},"end":{"line":104,"column":49}},"20":{"start":{"line":117,"column":18},"end":{"line":117,"column":52}},"21":{"start":{"line":129,"column":18},"end":{"line":129,"column":48}},"22":{"start":{"line":133,"column":37},"end":{"line":133,"column":66}},"23":{"start":{"line":141,"column":35},"end":{"line":141,"column":54}}},"fnMap":{"0":{"name":"(anonymous_0)","decl":{"start":{"line":34,"column":25},"end":{"line":34,"column":26}},"loc":{"start":{"line":34,"column":31},"end":{"line":147,"column":1}},"line":34},"1":{"name":"(anonymous_1)","decl":{"start":{"line":41,"column":4},"end":{"line":41,"column":5}},"loc":{"start":{"line":41,"column":36},"end":{"line":75,"column":5}},"line":41},"2":{"name":"(anonymous_2)","decl":{"start":{"line":103,"column":33},"end":{"line":103,"column":34}},"loc":{"start":{"line":103,"column":39},"end":{"line":105,"column":17}},"line":103},"3":{"name":"(anonymous_3)","decl":{"start":{"line":116,"column":33},"end":{"line":116,"column":34}},"loc":{"start":{"line":116,"column":39},"end":{"line":118,"column":17}},"line":116},"4":{"name":"(anonymous_4)","decl":{"start":{"line":128,"column":33},"end":{"line":128,"column":34}},"loc":{"start":{"line":128,"column":39},"end":{"line":130,"column":17}},"line":128},"5":{"name":"(anonymous_5)","decl":{"start":{"line":133,"column":31},"end":{"line":133,"column":32}},"loc":{"start":{"line":133,"column":37},"end":{"line":133,"column":66}},"line":133},"6":{"name":"(anonymous_6)","decl":{"start":{"line":141,"column":29},"end":{"line":141,"column":30}},"loc":{"start":{"line":141,"column":35},"end":{"line":141,"column":54}},"line":141}},"branchMap":{"0":{"loc":{"start":{"line":64,"column":8},"end":{"line":68,"column":9}},"type":"if","locations":[{"start":{"line":64,"column":8},"end":{"line":68,"column":9}},{"start":{"line":64,"column":8},"end":{"line":68,"column":9}}],"line":64},"1":{"loc":{"start":{"line":83,"column":18},"end":{"line":83,"column":63}},"type":"cond-expr","locations":[{"start":{"line":83,"column":42},"end":{"line":83,"column":51}},{"start":{"line":83,"column":54},"end":{"line":83,"column":63}}],"line":83}},"s":{"0":0,"1":0,"2":0,"3":0,"4":0,"5":0,"6":0,"7":0,"8":0,"9":0,"10":0,"11":0,"12":0,"13":0,"14":0,"15":0,"16":0,"17":0,"18":0,"19":0,"20":0,"21":0,"22":0,"23":0},"f":{"0":0,"1":0,"2":0,"3":0,"4":0,"5":0,"6":0},"b":{"0":[0,0],"1":[0,0]},"hash":"54d47317ad82df20b2b3113898282b37559f99ee"}
}
